0 info it worked if it ends with ok
1 verbose cli [ '/Users/Francesco/.nvm/versions/node/v4.4.1/bin/node',
1 verbose cli   '/Users/Francesco/.nvm/versions/node/v4.4.1/bin/npm',
1 verbose cli   'run',
1 verbose cli   'build-css' ]
2 info using npm@3.9.5
3 info using node@v4.4.1
4 verbose run-script [ 'prebuild-css', 'build-css', 'postbuild-css' ]
5 info lifecycle wikistack@1.0.0~prebuild-css: wikistack@1.0.0
6 silly lifecycle wikistack@1.0.0~prebuild-css: no script for prebuild-css, continuing
7 info lifecycle wikistack@1.0.0~build-css: wikistack@1.0.0
8 verbose lifecycle wikistack@1.0.0~build-css: unsafe-perm in lifecycle true
9 verbose lifecycle wikistack@1.0.0~build-css: PATH: /Users/Francesco/.nvm/versions/node/v4.4.1/lib/node_modules/npm/bin/node-gyp-bin:/Users/Francesco/Documents/Work/Fullstack/tripPlannerStatic/node_modules/.bin:/Users/Francesco/.nvm/versions/node/v4.4.1/bin:/Users/Francesco/.rvm/gems/ruby-2.2.3/bin:/Users/Francesco/.rvm/gems/ruby-2.2.3@global/bin:/Users/Francesco/.rvm/rubies/ruby-2.2.3/bin:/Users/Francesco/.nvm/versions/node/v4.4.1/bin:/usr/local/bin:/usr/bin:/bin:/usr/sbin:/sbin:/Users/Francesco/.rvm/bin:/Applications/Postgres.app/Contents/Versions/latest/bin
10 verbose lifecycle wikistack@1.0.0~build-css: CWD: /Users/Francesco/Documents/Work/Fullstack/tripPlannerStatic
11 silly lifecycle wikistack@1.0.0~build-css: Args: [ '-c',
11 silly lifecycle   'node-sass -w -r assets/stylesheets -o public/stylesheets' ]
12 silly lifecycle wikistack@1.0.0~build-css: Returned: code: 1  signal: null
13 info lifecycle wikistack@1.0.0~build-css: Failed to exec build-css script
14 verbose stack Error: wikistack@1.0.0 build-css: `node-sass -w -r assets/stylesheets -o public/stylesheets`
14 verbose stack Exit status 1
14 verbose stack     at EventEmitter.<anonymous> (/Users/Francesco/.nvm/versions/node/v4.4.1/lib/node_modules/npm/lib/utils/lifecycle.js:245:16)
14 verbose stack     at emitTwo (events.js:87:13)
14 verbose stack     at EventEmitter.emit (events.js:172:7)
14 verbose stack     at ChildProcess.<anonymous> (/Users/Francesco/.nvm/versions/node/v4.4.1/lib/node_modules/npm/lib/utils/spawn.js:24:14)
14 verbose stack     at emitTwo (events.js:87:13)
14 verbose stack     at ChildProcess.emit (events.js:172:7)
14 verbose stack     at maybeClose (internal/child_process.js:827:16)
14 verbose stack     at Process.ChildProcess._handle.onexit (internal/child_process.js:211:5)
15 verbose pkgid wikistack@1.0.0
16 verbose cwd /Users/Francesco/Documents/Work/Fullstack/tripPlannerStatic
17 error Darwin 15.6.0
18 error argv "/Users/Francesco/.nvm/versions/node/v4.4.1/bin/node" "/Users/Francesco/.nvm/versions/node/v4.4.1/bin/npm" "run" "build-css"
19 error node v4.4.1
20 error npm  v3.9.5
21 error code ELIFECYCLE
22 error wikistack@1.0.0 build-css: `node-sass -w -r assets/stylesheets -o public/stylesheets`
22 error Exit status 1
23 error Failed at the wikistack@1.0.0 build-css script 'node-sass -w -r assets/stylesheets -o public/stylesheets'.
23 error Make sure you have the latest version of node.js and npm installed.
23 error If you do, this is most likely a problem with the wikistack package,
23 error not with npm itself.
23 error Tell the author that this fails on your system:
23 error     node-sass -w -r assets/stylesheets -o public/stylesheets
23 error You can get information on how to open an issue for this project with:
23 error     npm bugs wikistack
23 error Or if that isn't available, you can get their info via:
23 error     npm owner ls wikistack
23 error There is likely additional logging output above.
24 verbose exit [ 1, true ]
